2024-11-10 17:54:28 - INFO - 正在抓取：(005827)易方达蓝筹 数据...
2024-11-10 17:54:28 - INFO - 抓取：(005827)易方达蓝筹 数据成功
2024-11-10 17:54:28 - INFO - 易方达蓝筹 日期为：20241108 的数据已存在于 ./data/005827.csv 中，跳过写入。
2024-11-10 17:54:28 - INFO - 正在抓取：(008591)天弘证券ETF联接C 数据...
2024-11-10 17:54:29 - INFO - 抓取：(008591)天弘证券ETF联接C 数据成功
2024-11-10 17:54:29 - INFO - 天弘证券ETF联接C 日期为：20241108 的数据已存在于 ./data/008591.csv 中，跳过写入。
2024-11-10 17:54:29 - INFO - 正在抓取：(005918)天弘沪深300ETF联接C 数据...
2024-11-10 17:54:30 - INFO - 抓取：(005918)天弘沪深300ETF联接C 数据成功
2024-11-10 17:54:30 - INFO - 天弘沪深300ETF联接C 日期为：20241108 的数据已存在于 ./data/005918.csv 中，跳过写入。
2024-11-10 17:54:30 - INFO - 正在抓取：(011609)易方达科创50联接C 数据...
2024-11-10 17:54:30 - INFO - 抓取：(011609)易方达科创50联接C 数据成功
2024-11-10 17:54:30 - INFO - 易方达科创50联接C 日期为：20241108 的数据已存在于 ./data/011609.csv 中，跳过写入。
2024-11-10 17:54:30 - INFO - 正在抓取：(012895)天弘科创创业50ETF联接C 数据...
2024-11-10 17:54:31 - INFO - 抓取：(012895)天弘科创创业50ETF联接C 数据成功
2024-11-10 17:54:31 - INFO - 天弘科创创业50ETF联接C 日期为：20241108 的数据已存在于 ./data/012895.csv 中，跳过写入。
2024-11-10 17:54:31 - INFO - 正在抓取：(015283)华安恒生科技ETF联接(QDII)C 数据...
2024-11-10 17:54:32 - INFO - 抓取：(015283)华安恒生科技ETF联接(QDII)C 数据成功
2024-11-10 17:54:32 - INFO - 华安恒生科技ETF联接(QDII)C 日期为：20241108 的数据已存在于 ./data/015283.csv 中，跳过写入。
2024-11-10 17:54:32 - INFO - 正在抓取：(016057)博时纳斯达克100ETF联接(QDII)C 数据...
2024-11-10 17:54:32 - INFO - 抓取：(016057)博时纳斯达克100ETF联接(QDII)C 数据成功
2024-11-10 17:54:32 - INFO - 博时纳斯达克100ETF联接(QDII)C 日期为：20241108 的数据已存在于 ./data/016057.csv 中，跳过写入。
2024-11-11 06:10:51 - INFO - 正在抓取：(005827)易方达蓝筹 数据...
2024-11-11 06:10:51 - INFO - 抓取：(005827)易方达蓝筹 数据成功
2024-11-11 06:10:51 - INFO - 易方达蓝筹 日期为：20241108 的数据已存在于 ./data/005827.csv 中，跳过写入。
2024-11-11 06:10:51 - INFO - 正在抓取：(008591)天弘证券ETF联接C 数据...
2024-11-11 06:10:52 - INFO - 抓取：(008591)天弘证券ETF联接C 数据成功
2024-11-11 06:10:52 - INFO - 天弘证券ETF联接C 日期为：20241108 的数据已存在于 ./data/008591.csv 中，跳过写入。
2024-11-11 06:10:52 - INFO - 正在抓取：(005918)天弘沪深300ETF联接C 数据...
2024-11-11 06:10:52 - INFO - 抓取：(005918)天弘沪深300ETF联接C 数据成功
2024-11-11 06:10:52 - INFO - 天弘沪深300ETF联接C 日期为：20241108 的数据已存在于 ./data/005918.csv 中，跳过写入。
2024-11-11 06:10:52 - INFO - 正在抓取：(011609)易方达科创50联接C 数据...
2024-11-11 06:10:53 - INFO - 抓取：(011609)易方达科创50联接C 数据成功
2024-11-11 06:10:53 - INFO - 易方达科创50联接C 日期为：20241108 的数据已存在于 ./data/011609.csv 中，跳过写入。
2024-11-11 06:10:53 - INFO - 正在抓取：(012895)天弘科创创业50ETF联接C 数据...
2024-11-11 06:10:54 - INFO - 抓取：(012895)天弘科创创业50ETF联接C 数据成功
2024-11-11 06:10:54 - INFO - 天弘科创创业50ETF联接C 日期为：20241108 的数据已存在于 ./data/012895.csv 中，跳过写入。
2024-11-11 06:10:54 - INFO - 正在抓取：(015283)华安恒生科技ETF联接(QDII)C 数据...
2024-11-11 06:10:55 - INFO - 抓取：(015283)华安恒生科技ETF联接(QDII)C 数据成功
2024-11-11 06:10:55 - INFO - 华安恒生科技ETF联接(QDII)C 日期为：20241108 的数据已存在于 ./data/015283.csv 中，跳过写入。
2024-11-11 06:10:55 - INFO - 正在抓取：(016057)博时纳斯达克100ETF联接(QDII)C 数据...
2024-11-11 06:10:56 - INFO - 抓取：(016057)博时纳斯达克100ETF联接(QDII)C 数据成功
2024-11-11 06:10:56 - INFO - 博时纳斯达克100ETF联接(QDII)C 日期为：20241108 的数据已存在于 ./data/016057.csv 中，跳过写入。
2024-11-12 06:11:41 - INFO - 正在抓取：(005827)易方达蓝筹 数据...
2024-11-12 06:11:41 - INFO - 抓取：(005827)易方达蓝筹 数据成功
2024-11-12 06:11:41 - INFO - 易方达蓝筹 日期为：20241111 的数据已成功追加到 ./data/005827.csv
2024-11-12 06:11:41 - INFO - 正在抓取：(008591)天弘证券ETF联接C 数据...
2024-11-12 06:11:43 - INFO - 抓取：(008591)天弘证券ETF联接C 数据成功
2024-11-12 06:11:43 - INFO - 天弘证券ETF联接C 日期为：20241111 的数据已成功追加到 ./data/008591.csv
2024-11-12 06:11:43 - INFO - 正在抓取：(005918)天弘沪深300ETF联接C 数据...
2024-11-12 06:11:44 - INFO - 抓取：(005918)天弘沪深300ETF联接C 数据成功
2024-11-12 06:11:44 - INFO - 天弘沪深300ETF联接C 日期为：20241111 的数据已成功追加到 ./data/005918.csv
2024-11-12 06:11:44 - INFO - 正在抓取：(011609)易方达科创50联接C 数据...
2024-11-12 06:11:44 - INFO - 抓取：(011609)易方达科创50联接C 数据成功
2024-11-12 06:11:44 - INFO - 易方达科创50联接C 日期为：20241111 的数据已成功追加到 ./data/011609.csv
2024-11-12 06:11:44 - INFO - 正在抓取：(012895)天弘科创创业50ETF联接C 数据...
2024-11-12 06:11:45 - INFO - 抓取：(012895)天弘科创创业50ETF联接C 数据成功
2024-11-12 06:11:45 - INFO - 天弘科创创业50ETF联接C 日期为：20241111 的数据已成功追加到 ./data/012895.csv
2024-11-12 06:11:45 - INFO - 正在抓取：(015283)华安恒生科技ETF联接(QDII)C 数据...
2024-11-12 06:11:47 - INFO - 抓取：(015283)华安恒生科技ETF联接(QDII)C 数据成功
2024-11-12 06:11:47 - INFO - 华安恒生科技ETF联接(QDII)C 日期为：20241111 的数据已成功追加到 ./data/015283.csv
2024-11-12 06:11:47 - INFO - 正在抓取：(016057)博时纳斯达克100ETF联接(QDII)C 数据...
2024-11-12 06:11:47 - INFO - 抓取：(016057)博时纳斯达克100ETF联接(QDII)C 数据成功
2024-11-12 06:11:47 - INFO - 博时纳斯达克100ETF联接(QDII)C 日期为：20241111 的数据已成功追加到 ./data/016057.csv
